Using pre-set license
Built from '2020.3/staging' branch; Version is '2020.3.13f1 (71691879b7f5) revision 7432472'; Using compiler version '192528614'; Build Type 'Release'
OS: 'Windows 10 Home; OS build 22621.1555; Version 2009; 64bit' Language: 'fr' Physical Memory: 15628 MB
BatchMode: 1, IsHumanControllingUs: 0, StartBugReporterOnCrash: 0, Is64bit: 1, IsPro: 0

 COMMAND LINE ARGUMENTS:
C:\Program Files\Unity\Hub\Editor\2020.3.13f1\Editor\Unity.exe
-adb2
-batchMode
-noUpm
-name
AssetImportWorker0
-projectPath
C:/Users/nyrnr/OneDrive/Bureau/DiabloLikeS2/DiabloLikeS2
-logFile
Logs/AssetImportWorker0.log
-srvPort
49174
Successfully changed project path to: C:/Users/nyrnr/OneDrive/Bureau/DiabloLikeS2/DiabloLikeS2
C:/Users/nyrnr/OneDrive/Bureau/DiabloLikeS2/DiabloLikeS2
Using Asset Import Pipeline V2.
Refreshing native plugins compatible for Editor in 30.36 ms, found 2 plugins.
Preloading 0 native plugins for Editor in 0.00 ms.
Initialize engine version: 2020.3.13f1 (71691879b7f5)
[Subsystems] Discovering subsystems at path C:/Program Files/Unity/Hub/Editor/2020.3.13f1/Editor/Data/Resources/UnitySubsystems
[Subsystems] Discovering subsystems at path C:/Users/nyrnr/OneDrive/Bureau/DiabloLikeS2/DiabloLikeS2/Assets
GfxDevice: creating device client; threaded=0
Direct3D:
    Version:  Direct3D 11.0 [level 11.1]
    Renderer: NVIDIA GeForce RTX 3050 Laptop GPU (ID=0x25a2)
    Vendor:   
    VRAM:     3991 MB
    Driver:   31.0.15.1640
Initialize mono
Mono path[0] = 'C:/Program Files/Unity/Hub/Editor/2020.3.13f1/Editor/Data/Managed'
Mono path[1] = 'C:/Program Files/Unity/Hub/Editor/2020.3.13f1/Editor/Data/MonoBleedingEdge/lib/mono/unityjit'
Mono config path = 'C:/Program Files/Unity/Hub/Editor/2020.3.13f1/Editor/Data/MonoBleedingEdge/etc'
Using monoOptions --debugger-agent=transport=dt_socket,embedding=1,server=y,suspend=n,address=127.0.0.1:56056
Begin MonoManager ReloadAssembly
Registering precompiled unity dll's ...
Register platform support module: C:/Program Files/Unity/Hub/Editor/2020.3.13f1/Editor/Data/PlaybackEngines/WindowsStandaloneSupport/UnityEditor.WindowsStandalone.Extensions.dll
Registered in 0.001046 seconds.
Native extension for WindowsStandalone target not found
Refreshing native plugins compatible for Editor in 25.41 ms, found 2 plugins.
Preloading 0 native plugins for Editor in 0.00 ms.
Mono: successfully reloaded assembly
- Completed reload, in  1.104 seconds
Platform modules already initialized, skipping
Registering precompiled user dll's ...
Registered in 0.002639 seconds.
Begin MonoManager ReloadAssembly
Native extension for WindowsStandalone target not found
Refreshing native plugins compatible for Editor in 0.42 ms, found 2 plugins.
Preloading 0 native plugins for Editor in 0.00 ms.
Mono: successfully reloaded assembly
- Completed reload, in  0.701 seconds
Platform modules already initialized, skipping
========================================================================
Worker process is ready to serve import requests
Launched and connected shader compiler UnityShaderCompiler.exe after 0.03 seconds
Refreshing native plugins compatible for Editor in 0.40 ms, found 2 plugins.
Preloading 0 native plugins for Editor in 0.00 ms.
Unloading 1395 Unused Serialized files (Serialized files now loaded: 0)
System memory in use before: 66.3 MB.
System memory in use after: 66.4 MB.

Unloading 18 unused Assets to reduce memory usage. Loaded Objects now: 1829.
Total: 1.847300 ms (FindLiveObjects: 0.148800 ms CreateObjectMapping: 0.028800 ms MarkObjects: 1.616300 ms  DeleteObjects: 0.052600 ms)

AssetImportParameters requested are different than current active one (requested -> active):
  custom:framework-win-MediaFoundation: 216162199b28c13a410421893ffa2e32 -> 
  custom:video-decoder-ogg-theora: a1e56fd34408186e4bbccfd4996cb3dc -> 
  custom:container-muxer-webm: aa71ff27fc2769a1b78a27578f13a17b -> 
  custom:container-demuxer-webm: 4f35f7cbe854078d1ac9338744f61a02 -> 
  custom:container-demuxer-ogg: 62fdf1f143b41e24485cea50d1cbac27 -> 
  custom:video-encoder-webm-vp8: eb34c28f22e8b96e1ab97ce403110664 -> 
  custom:video-codec-MediaFoundation-h265: 746d11721c4dcdbdad8f713fa42b33f4 -> 
  custom:video-decoder-webm-vp8: 9c59270c3fd7afecdb556c50c9e8de78 -> 
  custom:audio-decoder-ogg-vorbis: bf7c407c2cedff20999df2af8eb42d56 -> 
  custom:audio-encoder-webm-vorbis: bf7c407c2cedff20999df2af8eb42d56 -> 
========================================================================
Received Import Request.
  path: Assets/TerrainData_8b3a34ae-dad7-4732-a829-8c6134126668.asset
  artifactKey: Guid(80d65a322edc6c04ca4420903b583152) Importer(815301076,1909f56bfc062723c751e8b465ee728b)
Start importing Assets/TerrainData_8b3a34ae-dad7-4732-a829-8c6134126668.asset using Guid(80d65a322edc6c04ca4420903b583152) Importer(815301076,1909f56bfc062723c751e8b465ee728b)  -> (artifact id: '5fef6aeba7678a96c2bdc5011810116b') in 0.033590 seconds 
  Import took 0.035788 seconds .

========================================================================
Received Import Request.
  Time since last request: 0.000188 seconds.
  path: Assets/TerrainData_8e2728a6-4266-4931-af0f-9586fb537dae.asset
  artifactKey: Guid(d8d34497b28b7664493da5fadf6b9959) Importer(815301076,1909f56bfc062723c751e8b465ee728b)
Start importing Assets/TerrainData_8e2728a6-4266-4931-af0f-9586fb537dae.asset using Guid(d8d34497b28b7664493da5fadf6b9959) Importer(815301076,1909f56bfc062723c751e8b465ee728b)  -> (artifact id: '8519a6afbf69a8eb8bc82413ee64636f') in 0.011676 seconds 
  Import took 0.013834 seconds .

========================================================================
Received Import Request.
  Time since last request: 0.000181 seconds.
  path: Assets/TerrainData_69338f42-5729-44d3-940a-5addd57fc362.asset
  artifactKey: Guid(35b7b099e449df748b4871536832d1ad) Importer(815301076,1909f56bfc062723c751e8b465ee728b)
Start importing Assets/TerrainData_69338f42-5729-44d3-940a-5addd57fc362.asset using Guid(35b7b099e449df748b4871536832d1ad) Importer(815301076,1909f56bfc062723c751e8b465ee728b)  -> (artifact id: '21462a65d6c317314cf4180a1506f766') in 0.010100 seconds 
  Import took 0.014720 seconds .

========================================================================
Received Import Request.
  Time since last request: 0.000238 seconds.
  path: Assets/TerrainData_afccc719-9a96-43d6-bf76-7d29f301bce1.asset
  artifactKey: Guid(ae01676322c9fbf478ba122177eeeef2) Importer(815301076,1909f56bfc062723c751e8b465ee728b)
Start importing Assets/TerrainData_afccc719-9a96-43d6-bf76-7d29f301bce1.asset using Guid(ae01676322c9fbf478ba122177eeeef2) Importer(815301076,1909f56bfc062723c751e8b465ee728b)  -> (artifact id: 'f22bd998be3d72faf55eced99378b94a') in 0.010090 seconds 
  Import took 0.012223 seconds .

========================================================================
Received Import Request.
  Time since last request: 0.001308 seconds.
  path: Assets/TerrainData_4bd05cac-21ac-417a-b1d6-7d82a92df155.asset
  artifactKey: Guid(41cfce22694e1ad43b74fc13d4c19d54) Importer(815301076,1909f56bfc062723c751e8b465ee728b)
Start importing Assets/TerrainData_4bd05cac-21ac-417a-b1d6-7d82a92df155.asset using Guid(41cfce22694e1ad43b74fc13d4c19d54) Importer(815301076,1909f56bfc062723c751e8b465ee728b)  -> (artifact id: 'c784c0f20875233472d7c864e91cca2e') in 0.010964 seconds 
  Import took 0.016023 seconds .

========================================================================
Received Import Request.
  Time since last request: 0.000310 seconds.
  path: Assets/TerrainData_8edfe754-4125-4f7e-9cb2-6c230dacaf0b.asset
  artifactKey: Guid(557d17741f227984c973a7639031c39a) Importer(815301076,1909f56bfc062723c751e8b465ee728b)
Start importing Assets/TerrainData_8edfe754-4125-4f7e-9cb2-6c230dacaf0b.asset using Guid(557d17741f227984c973a7639031c39a) Importer(815301076,1909f56bfc062723c751e8b465ee728b)  -> (artifact id: 'bf89bf96175fc374421f622b2443764b') in 0.010273 seconds 
  Import took 0.012941 seconds .

========================================================================
Received Import Request.
  Time since last request: 0.000182 seconds.
  path: Assets/TerrainData_fe9107f5-0e71-49d3-bb9a-3fc6750cb16f.asset
  artifactKey: Guid(6ff8e791888cfdb4ab4a21575f39cb5e) Importer(815301076,1909f56bfc062723c751e8b465ee728b)
Start importing Assets/TerrainData_fe9107f5-0e71-49d3-bb9a-3fc6750cb16f.asset using Guid(6ff8e791888cfdb4ab4a21575f39cb5e) Importer(815301076,1909f56bfc062723c751e8b465ee728b)  -> (artifact id: '6b1e137a30f4661f0dc9f998241a92d0') in 0.012701 seconds 
  Import took 0.015216 seconds .

========================================================================
Received Import Request.
  Time since last request: 0.000183 seconds.
  path: Assets/TerrainData_cf4c1e55-6d50-4715-af79-fe1b1a3c77a9.asset
  artifactKey: Guid(7dc1cc59142406d40be85230aa9898c2) Importer(815301076,1909f56bfc062723c751e8b465ee728b)
Start importing Assets/TerrainData_cf4c1e55-6d50-4715-af79-fe1b1a3c77a9.asset using Guid(7dc1cc59142406d40be85230aa9898c2) Importer(815301076,1909f56bfc062723c751e8b465ee728b)  -> (artifact id: '7323ef8d24e7c0537604de171c4945ed') in 0.011753 seconds 
  Import took 0.014016 seconds .

========================================================================
Received Import Request.
  Time since last request: 0.000198 seconds.
  path: Assets/New Terrain.asset
  artifactKey: Guid(2309869e05a15be49b343c2aefc40576) Importer(815301076,1909f56bfc062723c751e8b465ee728b)
Start importing Assets/New Terrain.asset using Guid(2309869e05a15be49b343c2aefc40576) Importer(815301076,1909f56bfc062723c751e8b465ee728b)  -> (artifact id: '577e06ef39b41164e99e6c14b05d2249') in 0.039959 seconds 
  Import took 0.042760 seconds .

========================================================================
Received Import Request.
  Time since last request: 0.000173 seconds.
  path: Assets/TerrainData_b1a8989d-f47a-4323-9da0-4fb5d45bb047.asset
  artifactKey: Guid(69c31fac2e9f819438ae8cb255723d3d) Importer(815301076,1909f56bfc062723c751e8b465ee728b)
Start importing Assets/TerrainData_b1a8989d-f47a-4323-9da0-4fb5d45bb047.asset using Guid(69c31fac2e9f819438ae8cb255723d3d) Importer(815301076,1909f56bfc062723c751e8b465ee728b)  -> (artifact id: '8c71bc632c9f683a940447c32049947e') in 0.012430 seconds 
  Import took 0.014684 seconds .

========================================================================
Received Import Request.
  Time since last request: 7.556705 seconds.
  path: Assets/tousignant.t simon/Scenes
  artifactKey: Guid(e0ab3b23a7cd12b45b84f3a838ccac88) Importer(815301076,1909f56bfc062723c751e8b465ee728b)
Start importing Assets/tousignant.t simon/Scenes using Guid(e0ab3b23a7cd12b45b84f3a838ccac88) Importer(815301076,1909f56bfc062723c751e8b465ee728b)  -> (artifact id: '5d83fb764c8af24d7a536b05152f502b') in 0.005381 seconds 
  Import took 0.007596 seconds .

========================================================================
Received Import Request.
  Time since last request: 0.005063 seconds.
  path: Assets/tousignant.t simon/Scenes
  artifactKey: Guid(e0ab3b23a7cd12b45b84f3a838ccac88) Importer(815301076,1909f56bfc062723c751e8b465ee728b)
Start importing Assets/tousignant.t simon/Scenes using Guid(e0ab3b23a7cd12b45b84f3a838ccac88) Importer(815301076,1909f56bfc062723c751e8b465ee728b)  -> (artifact id: '5d83fb764c8af24d7a536b05152f502b') in 0.001558 seconds 
  Import took 0.003799 seconds .

========================================================================
Received Import Request.
  Time since last request: 3.842465 seconds.
  path: Assets/tousignant.t simon/Scenes/Menu.unity
  artifactKey: Guid(9fc0d4010bbf28b4594072e72b8655ab) Importer(815301076,1909f56bfc062723c751e8b465ee728b)
Start importing Assets/tousignant.t simon/Scenes/Menu.unity using Guid(9fc0d4010bbf28b4594072e72b8655ab) Importer(815301076,1909f56bfc062723c751e8b465ee728b)  -> (artifact id: 'cb85a5896a4d5d49dbf8f3f500a8a3a4') in 0.006713 seconds 
  Import took 0.009004 seconds .

========================================================================
Received Import Request.
  Time since last request: 0.001280 seconds.
  path: Assets/tousignant.t simon/Scenes/Menu.unity
  artifactKey: Guid(9fc0d4010bbf28b4594072e72b8655ab) Importer(815301076,1909f56bfc062723c751e8b465ee728b)
Start importing Assets/tousignant.t simon/Scenes/Menu.unity using Guid(9fc0d4010bbf28b4594072e72b8655ab) Importer(815301076,1909f56bfc062723c751e8b465ee728b)  -> (artifact id: 'cb85a5896a4d5d49dbf8f3f500a8a3a4') in 0.002224 seconds 
  Import took 0.004630 seconds .

========================================================================
Received Import Request.
  Time since last request: 10.548209 seconds.
  path: Assets/tousignant.t simon/Scenes/Game
  artifactKey: Guid(a842f933d2770f74e8639faacebc8422) Importer(815301076,1909f56bfc062723c751e8b465ee728b)
Start importing Assets/tousignant.t simon/Scenes/Game using Guid(a842f933d2770f74e8639faacebc8422) Importer(815301076,1909f56bfc062723c751e8b465ee728b)  -> (artifact id: '4a6bbfbcc9110a3790ee6b43ee8aad25') in 0.005483 seconds 
  Import took 0.007686 seconds .

========================================================================
Received Import Request.
  Time since last request: 0.003804 seconds.
  path: Assets/tousignant.t simon/Scenes/Game
  artifactKey: Guid(a842f933d2770f74e8639faacebc8422) Importer(815301076,1909f56bfc062723c751e8b465ee728b)
Start importing Assets/tousignant.t simon/Scenes/Game using Guid(a842f933d2770f74e8639faacebc8422) Importer(815301076,1909f56bfc062723c751e8b465ee728b)  -> (artifact id: '4a6bbfbcc9110a3790ee6b43ee8aad25') in 0.001879 seconds 
  Import took 0.003985 seconds .

========================================================================
Received Import Request.
  Time since last request: 0.032582 seconds.
  path: Assets/tousignant.t simon/Scenes/Game/NavMesh.asset
  artifactKey: Guid(41383fe8bd6716949b60d24e7947032a) Importer(815301076,1909f56bfc062723c751e8b465ee728b)
Start importing Assets/tousignant.t simon/Scenes/Game/NavMesh.asset using Guid(41383fe8bd6716949b60d24e7947032a) Importer(815301076,1909f56bfc062723c751e8b465ee728b)  -> (artifact id: 'c77e965194bcae1d68ee32e2b24b026c') in 0.006731 seconds 
  Import took 0.009328 seconds .

========================================================================
Received Import Request.
  Time since last request: 20.199071 seconds.
  path: Assets/tousignant.t simon/Sound
  artifactKey: Guid(a01d665a7d3eae1449047a225447f669) Importer(815301076,1909f56bfc062723c751e8b465ee728b)
Start importing Assets/tousignant.t simon/Sound using Guid(a01d665a7d3eae1449047a225447f669) Importer(815301076,1909f56bfc062723c751e8b465ee728b)  -> (artifact id: '189a55224f8e4800d8c646094d89797d') in 0.006190 seconds 
  Import took 0.008526 seconds .

========================================================================
Received Import Request.
  Time since last request: 0.002985 seconds.
  path: Assets/tousignant.t simon/Sound
  artifactKey: Guid(a01d665a7d3eae1449047a225447f669) Importer(815301076,1909f56bfc062723c751e8b465ee728b)
Start importing Assets/tousignant.t simon/Sound using Guid(a01d665a7d3eae1449047a225447f669) Importer(815301076,1909f56bfc062723c751e8b465ee728b)  -> (artifact id: '189a55224f8e4800d8c646094d89797d') in 0.001621 seconds 
  Import took 0.003644 seconds .

========================================================================
Received Import Request.
  Time since last request: 0.046483 seconds.
  path: Assets/tousignant.t simon/Sound/CALM DESERT  MEDITATIVE ORIENTAL SOUNDSCAPE FOR SLEEP AND RELAXATION.mp3
  artifactKey: Guid(7405e1efcab2c3242a1e8a64a35d1979) Importer(815301076,1909f56bfc062723c751e8b465ee728b)
Start importing Assets/tousignant.t simon/Sound/CALM DESERT  MEDITATIVE ORIENTAL SOUNDSCAPE FOR SLEEP AND RELAXATION.mp3 using Guid(7405e1efcab2c3242a1e8a64a35d1979) Importer(815301076,1909f56bfc062723c751e8b465ee728b)  -> (artifact id: 'b99e51079f9b0c137bbb3dd60ec36ba6') in 0.044977 seconds 
  Import took 0.047316 seconds .

========================================================================
Received Import Request.
  Time since last request: 0.000179 seconds.
  path: Assets/tousignant.t simon/Sound/Voicy_Where am i (mp3cut.net).mp3
  artifactKey: Guid(e517925a6f7f3474cb697e5464346712) Importer(815301076,1909f56bfc062723c751e8b465ee728b)
Start importing Assets/tousignant.t simon/Sound/Voicy_Where am i (mp3cut.net).mp3 using Guid(e517925a6f7f3474cb697e5464346712) Importer(815301076,1909f56bfc062723c751e8b465ee728b)  -> (artifact id: '4794042a718511c9335b0e593839ae03') in 0.009610 seconds 
  Import took 0.011768 seconds .

========================================================================
Received Import Request.
  Time since last request: 0.000192 seconds.
  path: Assets/tousignant.t simon/Sound/cinematic-foghorn-impact-epic-stock-media-4-4-00-06.mp3
  artifactKey: Guid(cec3bb948b8f5b7449b7a1ee21d8d901) Importer(815301076,1909f56bfc062723c751e8b465ee728b)
Start importing Assets/tousignant.t simon/Sound/cinematic-foghorn-impact-epic-stock-media-4-4-00-06.mp3 using Guid(cec3bb948b8f5b7449b7a1ee21d8d901) Importer(815301076,1909f56bfc062723c751e8b465ee728b)  -> (artifact id: 'cc052dc5f4bd895832eef0cad474a3ed') in 0.012832 seconds 
  Import took 0.015191 seconds .

========================================================================
Received Import Request.
  Time since last request: 13.227928 seconds.
  path: Assets/tousignant.t simon/Scenes/GameOver.unity
  artifactKey: Guid(0a395482541f1e044bc8ccf6110a4d97) Importer(815301076,1909f56bfc062723c751e8b465ee728b)
Start importing Assets/tousignant.t simon/Scenes/GameOver.unity using Guid(0a395482541f1e044bc8ccf6110a4d97) Importer(815301076,1909f56bfc062723c751e8b465ee728b)  -> (artifact id: 'bb2e852ffa47bb7cf42df2b405ad273c') in 0.006372 seconds 
  Import took 0.008882 seconds .

========================================================================
Received Import Request.
  Time since last request: 0.001664 seconds.
  path: Assets/tousignant.t simon/Scenes/GameOver.unity
  artifactKey: Guid(0a395482541f1e044bc8ccf6110a4d97) Importer(815301076,1909f56bfc062723c751e8b465ee728b)
Start importing Assets/tousignant.t simon/Scenes/GameOver.unity using Guid(0a395482541f1e044bc8ccf6110a4d97) Importer(815301076,1909f56bfc062723c751e8b465ee728b)  -> (artifact id: 'bb2e852ffa47bb7cf42df2b405ad273c') in 0.001939 seconds 
  Import took 0.004040 seconds .

========================================================================
Received Prepare
Registering precompiled user dll's ...
Registered in 0.002651 seconds.
Begin MonoManager ReloadAssembly
Native extension for WindowsStandalone target not found
Refreshing native plugins compatible for Editor in 0.41 ms, found 2 plugins.
Preloading 0 native plugins for Editor in 0.00 ms.
Mono: successfully reloaded assembly
- Completed reload, in  0.665 seconds
Platform modules already initialized, skipping
Refreshing native plugins compatible for Editor in 0.51 ms, found 2 plugins.
Preloading 0 native plugins for Editor in 0.00 ms.
Unloading 1388 Unused Serialized files (Serialized files now loaded: 0)
System memory in use before: 70.1 MB.
System memory in use after: 69.7 MB.

Unloading 15 unused Assets to reduce memory usage. Loaded Objects now: 1843.
Total: 2.138900 ms (FindLiveObjects: 0.116600 ms CreateObjectMapping: 0.032800 ms MarkObjects: 1.721600 ms  DeleteObjects: 0.267100 ms)

AssetImportParameters requested are different than current active one (requested -> active):
  custom:framework-win-MediaFoundation: 216162199b28c13a410421893ffa2e32 -> 
  custom:video-decoder-ogg-theora: a1e56fd34408186e4bbccfd4996cb3dc -> 
  custom:container-muxer-webm: aa71ff27fc2769a1b78a27578f13a17b -> 
  custom:container-demuxer-webm: 4f35f7cbe854078d1ac9338744f61a02 -> 
  custom:container-demuxer-ogg: 62fdf1f143b41e24485cea50d1cbac27 -> 
  custom:video-encoder-webm-vp8: eb34c28f22e8b96e1ab97ce403110664 -> 
  custom:video-codec-MediaFoundation-h265: 746d11721c4dcdbdad8f713fa42b33f4 -> 
  custom:video-decoder-webm-vp8: 9c59270c3fd7afecdb556c50c9e8de78 -> 
  custom:audio-decoder-ogg-vorbis: bf7c407c2cedff20999df2af8eb42d56 -> 
  custom:audio-encoder-webm-vorbis: bf7c407c2cedff20999df2af8eb42d56 -> 
========================================================================
Received Prepare
Registering precompiled user dll's ...
Registered in 0.002470 seconds.
Begin MonoManager ReloadAssembly
Native extension for WindowsStandalone target not found
Refreshing native plugins compatible for Editor in 0.43 ms, found 2 plugins.
Preloading 0 native plugins for Editor in 0.00 ms.
Mono: successfully reloaded assembly
- Completed reload, in  0.647 seconds
Platform modules already initialized, skipping
Refreshing native plugins compatible for Editor in 0.48 ms, found 2 plugins.
Preloading 0 native plugins for Editor in 0.00 ms.
Unloading 1388 Unused Serialized files (Serialized files now loaded: 0)
System memory in use before: 69.6 MB.
System memory in use after: 69.7 MB.

Unloading 13 unused Assets to reduce memory usage. Loaded Objects now: 1846.
Total: 1.801100 ms (FindLiveObjects: 0.153200 ms CreateObjectMapping: 0.047900 ms MarkObjects: 1.584700 ms  DeleteObjects: 0.014400 ms)

AssetImportParameters requested are different than current active one (requested -> active):
  custom:framework-win-MediaFoundation: 216162199b28c13a410421893ffa2e32 -> 
  custom:video-decoder-ogg-theora: a1e56fd34408186e4bbccfd4996cb3dc -> 
  custom:container-muxer-webm: aa71ff27fc2769a1b78a27578f13a17b -> 
  custom:container-demuxer-webm: 4f35f7cbe854078d1ac9338744f61a02 -> 
  custom:container-demuxer-ogg: 62fdf1f143b41e24485cea50d1cbac27 -> 
  custom:video-encoder-webm-vp8: eb34c28f22e8b96e1ab97ce403110664 -> 
  custom:video-codec-MediaFoundation-h265: 746d11721c4dcdbdad8f713fa42b33f4 -> 
  custom:video-decoder-webm-vp8: 9c59270c3fd7afecdb556c50c9e8de78 -> 
  custom:audio-decoder-ogg-vorbis: bf7c407c2cedff20999df2af8eb42d56 -> 
  custom:audio-encoder-webm-vorbis: bf7c407c2cedff20999df2af8eb42d56 -> 
========================================================================
Received Import Request.
  Time since last request: 182.834016 seconds.
  path: Assets/tousignant.t simon/Scenes/Game.unity
  artifactKey: Guid(73230f21d8c32694e9e895515d009b41) Importer(815301076,1909f56bfc062723c751e8b465ee728b)
Start importing Assets/tousignant.t simon/Scenes/Game.unity using Guid(73230f21d8c32694e9e895515d009b41) Importer(815301076,1909f56bfc062723c751e8b465ee728b)  -> (artifact id: '98fab01c48b9b247f5f2a177591b9120') in 0.012379 seconds 
  Import took 0.014765 seconds .

========================================================================
Received Prepare
Registering precompiled user dll's ...
Registered in 0.002390 seconds.
Begin MonoManager ReloadAssembly
Native extension for WindowsStandalone target not found
Refreshing native plugins compatible for Editor in 0.42 ms, found 2 plugins.
Preloading 0 native plugins for Editor in 0.00 ms.
Mono: successfully reloaded assembly
- Completed reload, in  0.675 seconds
Platform modules already initialized, skipping
Refreshing native plugins compatible for Editor in 0.50 ms, found 2 plugins.
Preloading 0 native plugins for Editor in 0.00 ms.
Unloading 1388 Unused Serialized files (Serialized files now loaded: 0)
System memory in use before: 69.6 MB.
System memory in use after: 69.7 MB.

Unloading 13 unused Assets to reduce memory usage. Loaded Objects now: 1849.
Total: 1.949300 ms (FindLiveObjects: 0.136900 ms CreateObjectMapping: 0.046200 ms MarkObjects: 1.750100 ms  DeleteObjects: 0.015400 ms)

AssetImportParameters requested are different than current active one (requested -> active):
  custom:framework-win-MediaFoundation: 216162199b28c13a410421893ffa2e32 -> 
  custom:video-decoder-ogg-theora: a1e56fd34408186e4bbccfd4996cb3dc -> 
  custom:container-muxer-webm: aa71ff27fc2769a1b78a27578f13a17b -> 
  custom:container-demuxer-webm: 4f35f7cbe854078d1ac9338744f61a02 -> 
  custom:container-demuxer-ogg: 62fdf1f143b41e24485cea50d1cbac27 -> 
  custom:video-encoder-webm-vp8: eb34c28f22e8b96e1ab97ce403110664 -> 
  custom:video-codec-MediaFoundation-h265: 746d11721c4dcdbdad8f713fa42b33f4 -> 
  custom:video-decoder-webm-vp8: 9c59270c3fd7afecdb556c50c9e8de78 -> 
  custom:audio-decoder-ogg-vorbis: bf7c407c2cedff20999df2af8eb42d56 -> 
  custom:audio-encoder-webm-vorbis: bf7c407c2cedff20999df2af8eb42d56 -> 
========================================================================
Received Prepare
Registering precompiled user dll's ...
Registered in 0.002388 seconds.
Begin MonoManager ReloadAssembly
Native extension for WindowsStandalone target not found
Refreshing native plugins compatible for Editor in 0.43 ms, found 2 plugins.
Preloading 0 native plugins for Editor in 0.00 ms.
Mono: successfully reloaded assembly
- Completed reload, in  0.671 seconds
Platform modules already initialized, skipping
Refreshing native plugins compatible for Editor in 0.41 ms, found 2 plugins.
Preloading 0 native plugins for Editor in 0.00 ms.
Unloading 1388 Unused Serialized files (Serialized files now loaded: 0)
System memory in use before: 69.6 MB.
System memory in use after: 69.7 MB.

Unloading 13 unused Assets to reduce memory usage. Loaded Objects now: 1852.
Total: 2.188700 ms (FindLiveObjects: 0.167200 ms CreateObjectMapping: 0.057400 ms MarkObjects: 1.945700 ms  DeleteObjects: 0.017300 ms)

AssetImportParameters requested are different than current active one (requested -> active):
  custom:framework-win-MediaFoundation: 216162199b28c13a410421893ffa2e32 -> 
  custom:video-decoder-ogg-theora: a1e56fd34408186e4bbccfd4996cb3dc -> 
  custom:container-muxer-webm: aa71ff27fc2769a1b78a27578f13a17b -> 
  custom:container-demuxer-webm: 4f35f7cbe854078d1ac9338744f61a02 -> 
  custom:container-demuxer-ogg: 62fdf1f143b41e24485cea50d1cbac27 -> 
  custom:video-encoder-webm-vp8: eb34c28f22e8b96e1ab97ce403110664 -> 
  custom:video-codec-MediaFoundation-h265: 746d11721c4dcdbdad8f713fa42b33f4 -> 
  custom:video-decoder-webm-vp8: 9c59270c3fd7afecdb556c50c9e8de78 -> 
  custom:audio-decoder-ogg-vorbis: bf7c407c2cedff20999df2af8eb42d56 -> 
  custom:audio-encoder-webm-vorbis: bf7c407c2cedff20999df2af8eb42d56 -> 
========================================================================
Received Import Request.
  Time since last request: 61.486626 seconds.
  path: Assets/tousignant.t simon/Scenes/Menu.unity
  artifactKey: Guid(9fc0d4010bbf28b4594072e72b8655ab) Importer(815301076,1909f56bfc062723c751e8b465ee728b)
Start importing Assets/tousignant.t simon/Scenes/Menu.unity using Guid(9fc0d4010bbf28b4594072e72b8655ab) Importer(815301076,1909f56bfc062723c751e8b465ee728b)  -> (artifact id: '88255064030922654de4663a3d8997b1') in 0.008785 seconds 
  Import took 0.011230 seconds .

========================================================================
Received Import Request.
  Time since last request: 0.001212 seconds.
  path: Assets/tousignant.t simon/Scenes/Menu.unity
  artifactKey: Guid(9fc0d4010bbf28b4594072e72b8655ab) Importer(815301076,1909f56bfc062723c751e8b465ee728b)
Start importing Assets/tousignant.t simon/Scenes/Menu.unity using Guid(9fc0d4010bbf28b4594072e72b8655ab) Importer(815301076,1909f56bfc062723c751e8b465ee728b)  -> (artifact id: '88255064030922654de4663a3d8997b1') in 0.002149 seconds 
  Import took 0.004151 seconds .

========================================================================
Received Import Request.
  Time since last request: 149.449140 seconds.
  path: Assets/tousignant.t simon/Scenes/Game.unity
  artifactKey: Guid(73230f21d8c32694e9e895515d009b41) Importer(815301076,1909f56bfc062723c751e8b465ee728b)
Start importing Assets/tousignant.t simon/Scenes/Game.unity using Guid(73230f21d8c32694e9e895515d009b41) Importer(815301076,1909f56bfc062723c751e8b465ee728b)  -> (artifact id: '37a63a7c7f44bab9af8af173529041db') in 0.002401 seconds 
  Import took 0.004804 seconds .

========================================================================
Received Import Request.
  Time since last request: 0.000478 seconds.
  path: Assets/tousignant.t simon/Scenes/Game.unity
  artifactKey: Guid(73230f21d8c32694e9e895515d009b41) Importer(815301076,1909f56bfc062723c751e8b465ee728b)
Start importing Assets/tousignant.t simon/Scenes/Game.unity using Guid(73230f21d8c32694e9e895515d009b41) Importer(815301076,1909f56bfc062723c751e8b465ee728b)  -> (artifact id: '37a63a7c7f44bab9af8af173529041db') in 0.001851 seconds 
  Import took 0.003828 seconds .

========================================================================
Received Import Request.
  Time since last request: 13.495180 seconds.
  path: Assets/tousignant.t simon/Script
  artifactKey: Guid(81ebcc9e71a6a6d44b593d43e2d8666f) Importer(815301076,1909f56bfc062723c751e8b465ee728b)
Start importing Assets/tousignant.t simon/Script using Guid(81ebcc9e71a6a6d44b593d43e2d8666f) Importer(815301076,1909f56bfc062723c751e8b465ee728b)  -> (artifact id: 'b07e6460a79fd9f40edf1a3001bb744c') in 0.006201 seconds 
  Import took 0.008620 seconds .

========================================================================
Received Import Request.
  Time since last request: 0.007128 seconds.
  path: Assets/tousignant.t simon/Script
  artifactKey: Guid(81ebcc9e71a6a6d44b593d43e2d8666f) Importer(815301076,1909f56bfc062723c751e8b465ee728b)
Start importing Assets/tousignant.t simon/Script using Guid(81ebcc9e71a6a6d44b593d43e2d8666f) Importer(815301076,1909f56bfc062723c751e8b465ee728b)  -> (artifact id: 'b07e6460a79fd9f40edf1a3001bb744c') in 0.001979 seconds 
  Import took 0.004403 seconds .

========================================================================
Received Prepare
Registering precompiled user dll's ...
Registered in 0.002508 seconds.
Begin MonoManager ReloadAssembly
Native extension for WindowsStandalone target not found
Refreshing native plugins compatible for Editor in 0.43 ms, found 2 plugins.
Preloading 0 native plugins for Editor in 0.00 ms.
Mono: successfully reloaded assembly
- Completed reload, in  0.655 seconds
Platform modules already initialized, skipping
Refreshing native plugins compatible for Editor in 0.41 ms, found 2 plugins.
Preloading 0 native plugins for Editor in 0.00 ms.
Unloading 1389 Unused Serialized files (Serialized files now loaded: 0)
System memory in use before: 69.7 MB.
System memory in use after: 69.8 MB.

Unloading 13 unused Assets to reduce memory usage. Loaded Objects now: 1856.
Total: 2.185100 ms (FindLiveObjects: 0.167700 ms CreateObjectMapping: 0.049800 ms MarkObjects: 1.948600 ms  DeleteObjects: 0.017800 ms)

AssetImportParameters requested are different than current active one (requested -> active):
  custom:framework-win-MediaFoundation: 216162199b28c13a410421893ffa2e32 -> 
  custom:video-decoder-ogg-theora: a1e56fd34408186e4bbccfd4996cb3dc -> 
  custom:container-muxer-webm: aa71ff27fc2769a1b78a27578f13a17b -> 
  custom:container-demuxer-webm: 4f35f7cbe854078d1ac9338744f61a02 -> 
  custom:container-demuxer-ogg: 62fdf1f143b41e24485cea50d1cbac27 -> 
  custom:video-encoder-webm-vp8: eb34c28f22e8b96e1ab97ce403110664 -> 
  custom:video-codec-MediaFoundation-h265: 746d11721c4dcdbdad8f713fa42b33f4 -> 
  custom:video-decoder-webm-vp8: 9c59270c3fd7afecdb556c50c9e8de78 -> 
  custom:audio-decoder-ogg-vorbis: bf7c407c2cedff20999df2af8eb42d56 -> 
  custom:audio-encoder-webm-vorbis: bf7c407c2cedff20999df2af8eb42d56 -> 
========================================================================
Received Import Request.
  Time since last request: 8.081994 seconds.
  path: Assets/tousignant.t simon/Script/Door.cs
  artifactKey: Guid(f6683d943d9021b43b9246d355aa82b3) Importer(815301076,1909f56bfc062723c751e8b465ee728b)
Start importing Assets/tousignant.t simon/Script/Door.cs using Guid(f6683d943d9021b43b9246d355aa82b3) Importer(815301076,1909f56bfc062723c751e8b465ee728b)  -> (artifact id: '7919ecc630ed92f0b8e3385c8cdb07b2') in 0.010225 seconds 
  Import took 0.012399 seconds .

========================================================================
Received Prepare
Registering precompiled user dll's ...
Registered in 0.002639 seconds.
Begin MonoManager ReloadAssembly
Native extension for WindowsStandalone target not found
Refreshing native plugins compatible for Editor in 0.43 ms, found 2 plugins.
Preloading 0 native plugins for Editor in 0.00 ms.
Mono: successfully reloaded assembly
- Completed reload, in  0.658 seconds
Platform modules already initialized, skipping
Refreshing native plugins compatible for Editor in 0.41 ms, found 2 plugins.
Preloading 0 native plugins for Editor in 0.00 ms.
Unloading 1389 Unused Serialized files (Serialized files now loaded: 0)
System memory in use before: 69.7 MB.
System memory in use after: 69.8 MB.

Unloading 13 unused Assets to reduce memory usage. Loaded Objects now: 1859.
Total: 1.976100 ms (FindLiveObjects: 0.129100 ms CreateObjectMapping: 0.041100 ms MarkObjects: 1.790800 ms  DeleteObjects: 0.014300 ms)

AssetImportParameters requested are different than current active one (requested -> active):
  custom:framework-win-MediaFoundation: 216162199b28c13a410421893ffa2e32 -> 
  custom:video-decoder-ogg-theora: a1e56fd34408186e4bbccfd4996cb3dc -> 
  custom:container-muxer-webm: aa71ff27fc2769a1b78a27578f13a17b -> 
  custom:container-demuxer-webm: 4f35f7cbe854078d1ac9338744f61a02 -> 
  custom:container-demuxer-ogg: 62fdf1f143b41e24485cea50d1cbac27 -> 
  custom:video-encoder-webm-vp8: eb34c28f22e8b96e1ab97ce403110664 -> 
  custom:video-codec-MediaFoundation-h265: 746d11721c4dcdbdad8f713fa42b33f4 -> 
  custom:video-decoder-webm-vp8: 9c59270c3fd7afecdb556c50c9e8de78 -> 
  custom:audio-decoder-ogg-vorbis: bf7c407c2cedff20999df2af8eb42d56 -> 
  custom:audio-encoder-webm-vorbis: bf7c407c2cedff20999df2af8eb42d56 -> 
========================================================================
Received Prepare
Registering precompiled user dll's ...
Registered in 0.002675 seconds.
Begin MonoManager ReloadAssembly
Native extension for WindowsStandalone target not found
Refreshing native plugins compatible for Editor in 0.44 ms, found 2 plugins.
Preloading 0 native plugins for Editor in 0.00 ms.
Mono: successfully reloaded assembly
- Completed reload, in  0.643 seconds
Platform modules already initialized, skipping
Refreshing native plugins compatible for Editor in 0.50 ms, found 2 plugins.
Preloading 0 native plugins for Editor in 0.00 ms.
Unloading 1389 Unused Serialized files (Serialized files now loaded: 0)
System memory in use before: 69.7 MB.
System memory in use after: 69.8 MB.

Unloading 13 unused Assets to reduce memory usage. Loaded Objects now: 1862.
Total: 1.719600 ms (FindLiveObjects: 0.149800 ms CreateObjectMapping: 0.027500 ms MarkObjects: 1.525500 ms  DeleteObjects: 0.015800 ms)

AssetImportParameters requested are different than current active one (requested -> active):
  custom:framework-win-MediaFoundation: 216162199b28c13a410421893ffa2e32 -> 
  custom:video-decoder-ogg-theora: a1e56fd34408186e4bbccfd4996cb3dc -> 
  custom:container-muxer-webm: aa71ff27fc2769a1b78a27578f13a17b -> 
  custom:container-demuxer-webm: 4f35f7cbe854078d1ac9338744f61a02 -> 
  custom:container-demuxer-ogg: 62fdf1f143b41e24485cea50d1cbac27 -> 
  custom:video-encoder-webm-vp8: eb34c28f22e8b96e1ab97ce403110664 -> 
  custom:video-codec-MediaFoundation-h265: 746d11721c4dcdbdad8f713fa42b33f4 -> 
  custom:video-decoder-webm-vp8: 9c59270c3fd7afecdb556c50c9e8de78 -> 
  custom:audio-decoder-ogg-vorbis: bf7c407c2cedff20999df2af8eb42d56 -> 
  custom:audio-encoder-webm-vorbis: bf7c407c2cedff20999df2af8eb42d56 -> 
========================================================================
Received Import Request.
  Time since last request: 224.170773 seconds.
  path: Assets/tousignant.t simon/Script/Door.cs
  artifactKey: Guid(f6683d943d9021b43b9246d355aa82b3) Importer(815301076,1909f56bfc062723c751e8b465ee728b)
Start importing Assets/tousignant.t simon/Script/Door.cs using Guid(f6683d943d9021b43b9246d355aa82b3) Importer(815301076,1909f56bfc062723c751e8b465ee728b)  -> (artifact id: 'a7ef52050185c93d5486d5f998ccbb24') in 0.003947 seconds 
  Import took 0.005943 seconds .

========================================================================
Received Prepare
Registering precompiled user dll's ...
Registered in 0.002666 seconds.
Begin MonoManager ReloadAssembly
Native extension for WindowsStandalone target not found
Refreshing native plugins compatible for Editor in 0.43 ms, found 2 plugins.
Preloading 0 native plugins for Editor in 0.00 ms.
Mono: successfully reloaded assembly
- Completed reload, in  0.649 seconds
Platform modules already initialized, skipping
Refreshing native plugins compatible for Editor in 0.42 ms, found 2 plugins.
Preloading 0 native plugins for Editor in 0.00 ms.
Unloading 1389 Unused Serialized files (Serialized files now loaded: 0)
System memory in use before: 69.7 MB.
System memory in use after: 69.8 MB.

Unloading 13 unused Assets to reduce memory usage. Loaded Objects now: 1865.
Total: 1.886200 ms (FindLiveObjects: 0.148900 ms CreateObjectMapping: 0.036900 ms MarkObjects: 1.684700 ms  DeleteObjects: 0.014400 ms)

AssetImportParameters requested are different than current active one (requested -> active):
  custom:framework-win-MediaFoundation: 216162199b28c13a410421893ffa2e32 -> 
  custom:video-decoder-ogg-theora: a1e56fd34408186e4bbccfd4996cb3dc -> 
  custom:container-muxer-webm: aa71ff27fc2769a1b78a27578f13a17b -> 
  custom:container-demuxer-webm: 4f35f7cbe854078d1ac9338744f61a02 -> 
  custom:container-demuxer-ogg: 62fdf1f143b41e24485cea50d1cbac27 -> 
  custom:video-encoder-webm-vp8: eb34c28f22e8b96e1ab97ce403110664 -> 
  custom:video-codec-MediaFoundation-h265: 746d11721c4dcdbdad8f713fa42b33f4 -> 
  custom:video-decoder-webm-vp8: 9c59270c3fd7afecdb556c50c9e8de78 -> 
  custom:audio-decoder-ogg-vorbis: bf7c407c2cedff20999df2af8eb42d56 -> 
  custom:audio-encoder-webm-vorbis: bf7c407c2cedff20999df2af8eb42d56 -> 
========================================================================
Received Prepare
Registering precompiled user dll's ...
Registered in 0.002667 seconds.
Begin MonoManager ReloadAssembly
Native extension for WindowsStandalone target not found
Refreshing native plugins compatible for Editor in 0.43 ms, found 2 plugins.
Preloading 0 native plugins for Editor in 0.00 ms.
Mono: successfully reloaded assembly
- Completed reload, in  0.657 seconds
Platform modules already initialized, skipping
Refreshing native plugins compatible for Editor in 0.42 ms, found 2 plugins.
Preloading 0 native plugins for Editor in 0.00 ms.
Unloading 1389 Unused Serialized files (Serialized files now loaded: 0)
System memory in use before: 69.7 MB.
System memory in use after: 69.8 MB.

Unloading 13 unused Assets to reduce memory usage. Loaded Objects now: 1868.
Total: 2.080200 ms (FindLiveObjects: 0.194300 ms CreateObjectMapping: 0.057700 ms MarkObjects: 1.808100 ms  DeleteObjects: 0.018900 ms)

AssetImportParameters requested are different than current active one (requested -> active):
  custom:framework-win-MediaFoundation: 216162199b28c13a410421893ffa2e32 -> 
  custom:video-decoder-ogg-theora: a1e56fd34408186e4bbccfd4996cb3dc -> 
  custom:container-muxer-webm: aa71ff27fc2769a1b78a27578f13a17b -> 
  custom:container-demuxer-webm: 4f35f7cbe854078d1ac9338744f61a02 -> 
  custom:container-demuxer-ogg: 62fdf1f143b41e24485cea50d1cbac27 -> 
  custom:video-encoder-webm-vp8: eb34c28f22e8b96e1ab97ce403110664 -> 
  custom:video-codec-MediaFoundation-h265: 746d11721c4dcdbdad8f713fa42b33f4 -> 
  custom:video-decoder-webm-vp8: 9c59270c3fd7afecdb556c50c9e8de78 -> 
  custom:audio-decoder-ogg-vorbis: bf7c407c2cedff20999df2af8eb42d56 -> 
  custom:audio-encoder-webm-vorbis: bf7c407c2cedff20999df2af8eb42d56 -> 
========================================================================
Received Prepare
Registering precompiled user dll's ...
Registered in 0.002612 seconds.
Begin MonoManager ReloadAssembly
Native extension for WindowsStandalone target not found
Refreshing native plugins compatible for Editor in 0.43 ms, found 2 plugins.
Preloading 0 native plugins for Editor in 0.00 ms.
Mono: successfully reloaded assembly
- Completed reload, in  0.691 seconds
Platform modules already initialized, skipping
Refreshing native plugins compatible for Editor in 0.53 ms, found 2 plugins.
Preloading 0 native plugins for Editor in 0.00 ms.
Unloading 1389 Unused Serialized files (Serialized files now loaded: 0)
System memory in use before: 69.7 MB.
System memory in use after: 69.8 MB.

Unloading 13 unused Assets to reduce memory usage. Loaded Objects now: 1871.
Total: 2.364100 ms (FindLiveObjects: 0.238700 ms CreateObjectMapping: 0.087600 ms MarkObjects: 2.015800 ms  DeleteObjects: 0.020600 ms)

AssetImportParameters requested are different than current active one (requested -> active):
  custom:framework-win-MediaFoundation: 216162199b28c13a410421893ffa2e32 -> 
  custom:video-decoder-ogg-theora: a1e56fd34408186e4bbccfd4996cb3dc -> 
  custom:container-muxer-webm: aa71ff27fc2769a1b78a27578f13a17b -> 
  custom:container-demuxer-webm: 4f35f7cbe854078d1ac9338744f61a02 -> 
  custom:container-demuxer-ogg: 62fdf1f143b41e24485cea50d1cbac27 -> 
  custom:video-encoder-webm-vp8: eb34c28f22e8b96e1ab97ce403110664 -> 
  custom:video-codec-MediaFoundation-h265: 746d11721c4dcdbdad8f713fa42b33f4 -> 
  custom:video-decoder-webm-vp8: 9c59270c3fd7afecdb556c50c9e8de78 -> 
  custom:audio-decoder-ogg-vorbis: bf7c407c2cedff20999df2af8eb42d56 -> 
  custom:audio-encoder-webm-vorbis: bf7c407c2cedff20999df2af8eb42d56 -> 
========================================================================
Received Prepare
Registering precompiled user dll's ...
Registered in 0.002652 seconds.
Begin MonoManager ReloadAssembly
Native extension for WindowsStandalone target not found
Refreshing native plugins compatible for Editor in 0.52 ms, found 2 plugins.
Preloading 0 native plugins for Editor in 0.00 ms.
Mono: successfully reloaded assembly
- Completed reload, in  0.704 seconds
Platform modules already initialized, skipping
Refreshing native plugins compatible for Editor in 0.55 ms, found 2 plugins.
Preloading 0 native plugins for Editor in 0.00 ms.
Unloading 1389 Unused Serialized files (Serialized files now loaded: 0)
System memory in use before: 69.7 MB.
System memory in use after: 69.8 MB.

Unloading 13 unused Assets to reduce memory usage. Loaded Objects now: 1874.
Total: 2.557600 ms (FindLiveObjects: 0.299700 ms CreateObjectMapping: 0.090200 ms MarkObjects: 2.146000 ms  DeleteObjects: 0.020100 ms)

AssetImportParameters requested are different than current active one (requested -> active):
  custom:framework-win-MediaFoundation: 216162199b28c13a410421893ffa2e32 -> 
  custom:video-decoder-ogg-theora: a1e56fd34408186e4bbccfd4996cb3dc -> 
  custom:container-muxer-webm: aa71ff27fc2769a1b78a27578f13a17b -> 
  custom:container-demuxer-webm: 4f35f7cbe854078d1ac9338744f61a02 -> 
  custom:container-demuxer-ogg: 62fdf1f143b41e24485cea50d1cbac27 -> 
  custom:video-encoder-webm-vp8: eb34c28f22e8b96e1ab97ce403110664 -> 
  custom:video-codec-MediaFoundation-h265: 746d11721c4dcdbdad8f713fa42b33f4 -> 
  custom:video-decoder-webm-vp8: 9c59270c3fd7afecdb556c50c9e8de78 -> 
  custom:audio-decoder-ogg-vorbis: bf7c407c2cedff20999df2af8eb42d56 -> 
  custom:audio-encoder-webm-vorbis: bf7c407c2cedff20999df2af8eb42d56 -> 
========================================================================
Received Import Request.
  Time since last request: 852.892935 seconds.
  path: Assets/tousignant.t simon/Sound/door-2-6841.mp3
  artifactKey: Guid(fecd67dbf175116488be7a4e72f058ca) Importer(815301076,1909f56bfc062723c751e8b465ee728b)
Start importing Assets/tousignant.t simon/Sound/door-2-6841.mp3 using Guid(fecd67dbf175116488be7a4e72f058ca) Importer(815301076,1909f56bfc062723c751e8b465ee728b)  -> (artifact id: '222574c857f8b0457de810ff00e78bc6') in 0.037348 seconds 
  Import took 0.039755 seconds .

========================================================================
Received Prepare
Registering precompiled user dll's ...
Registered in 0.002549 seconds.
Begin MonoManager ReloadAssembly
Native extension for WindowsStandalone target not found
Refreshing native plugins compatible for Editor in 0.43 ms, found 2 plugins.
Preloading 0 native plugins for Editor in 0.00 ms.
Mono: successfully reloaded assembly
- Completed reload, in  0.653 seconds
Platform modules already initialized, skipping
Refreshing native plugins compatible for Editor in 0.42 ms, found 2 plugins.
Preloading 0 native plugins for Editor in 0.00 ms.
Unloading 1389 Unused Serialized files (Serialized files now loaded: 0)
System memory in use before: 69.7 MB.
System memory in use after: 69.9 MB.

Unloading 13 unused Assets to reduce memory usage. Loaded Objects now: 1878.
Total: 2.503200 ms (FindLiveObjects: 0.187700 ms CreateObjectMapping: 0.052500 ms MarkObjects: 2.242500 ms  DeleteObjects: 0.019500 ms)

AssetImportParameters requested are different than current active one (requested -> active):
  custom:framework-win-MediaFoundation: 216162199b28c13a410421893ffa2e32 -> 
  custom:video-decoder-ogg-theora: a1e56fd34408186e4bbccfd4996cb3dc -> 
  custom:container-muxer-webm: aa71ff27fc2769a1b78a27578f13a17b -> 
  custom:container-demuxer-webm: 4f35f7cbe854078d1ac9338744f61a02 -> 
  custom:container-demuxer-ogg: 62fdf1f143b41e24485cea50d1cbac27 -> 
  custom:video-encoder-webm-vp8: eb34c28f22e8b96e1ab97ce403110664 -> 
  custom:video-codec-MediaFoundation-h265: 746d11721c4dcdbdad8f713fa42b33f4 -> 
  custom:video-decoder-webm-vp8: 9c59270c3fd7afecdb556c50c9e8de78 -> 
  custom:audio-decoder-ogg-vorbis: bf7c407c2cedff20999df2af8eb42d56 -> 
  custom:audio-encoder-webm-vorbis: bf7c407c2cedff20999df2af8eb42d56 -> 
========================================================================
Received Prepare
Registering precompiled user dll's ...
Registered in 0.002567 seconds.
Begin MonoManager ReloadAssembly
Native extension for WindowsStandalone target not found
Refreshing native plugins compatible for Editor in 0.43 ms, found 2 plugins.
Preloading 0 native plugins for Editor in 0.00 ms.
Mono: successfully reloaded assembly
- Completed reload, in  0.664 seconds
Platform modules already initialized, skipping
Refreshing native plugins compatible for Editor in 0.41 ms, found 2 plugins.
Preloading 0 native plugins for Editor in 0.00 ms.
Unloading 1389 Unused Serialized files (Serialized files now loaded: 0)
System memory in use before: 69.8 MB.
System memory in use after: 69.9 MB.

Unloading 13 unused Assets to reduce memory usage. Loaded Objects now: 1881.
Total: 1.997600 ms (FindLiveObjects: 0.157400 ms CreateObjectMapping: 0.057500 ms MarkObjects: 1.766100 ms  DeleteObjects: 0.015800 ms)

AssetImportParameters requested are different than current active one (requested -> active):
  custom:framework-win-MediaFoundation: 216162199b28c13a410421893ffa2e32 -> 
  custom:video-decoder-ogg-theora: a1e56fd34408186e4bbccfd4996cb3dc -> 
  custom:container-muxer-webm: aa71ff27fc2769a1b78a27578f13a17b -> 
  custom:container-demuxer-webm: 4f35f7cbe854078d1ac9338744f61a02 -> 
  custom:container-demuxer-ogg: 62fdf1f143b41e24485cea50d1cbac27 -> 
  custom:video-encoder-webm-vp8: eb34c28f22e8b96e1ab97ce403110664 -> 
  custom:video-codec-MediaFoundation-h265: 746d11721c4dcdbdad8f713fa42b33f4 -> 
  custom:video-decoder-webm-vp8: 9c59270c3fd7afecdb556c50c9e8de78 -> 
  custom:audio-decoder-ogg-vorbis: bf7c407c2cedff20999df2af8eb42d56 -> 
  custom:audio-encoder-webm-vorbis: bf7c407c2cedff20999df2af8eb42d56 -> 
========================================================================
Received Prepare
Registering precompiled user dll's ...
Registered in 0.004154 seconds.
Begin MonoManager ReloadAssembly
Native extension for WindowsStandalone target not found
Refreshing native plugins compatible for Editor in 0.43 ms, found 2 plugins.
Preloading 0 native plugins for Editor in 0.00 ms.
Mono: successfully reloaded assembly
- Completed reload, in  0.754 seconds
Platform modules already initialized, skipping
Refreshing native plugins compatible for Editor in 0.42 ms, found 2 plugins.
Preloading 0 native plugins for Editor in 0.00 ms.
Unloading 1389 Unused Serialized files (Serialized files now loaded: 0)
System memory in use before: 69.8 MB.
System memory in use after: 69.9 MB.

Unloading 13 unused Assets to reduce memory usage. Loaded Objects now: 1884.
Total: 1.782800 ms (FindLiveObjects: 0.172900 ms CreateObjectMapping: 0.094700 ms MarkObjects: 1.498900 ms  DeleteObjects: 0.015100 ms)

AssetImportParameters requested are different than current active one (requested -> active):
  custom:framework-win-MediaFoundation: 216162199b28c13a410421893ffa2e32 -> 
  custom:video-decoder-ogg-theora: a1e56fd34408186e4bbccfd4996cb3dc -> 
  custom:container-muxer-webm: aa71ff27fc2769a1b78a27578f13a17b -> 
  custom:container-demuxer-webm: 4f35f7cbe854078d1ac9338744f61a02 -> 
  custom:container-demuxer-ogg: 62fdf1f143b41e24485cea50d1cbac27 -> 
  custom:video-encoder-webm-vp8: eb34c28f22e8b96e1ab97ce403110664 -> 
  custom:video-codec-MediaFoundation-h265: 746d11721c4dcdbdad8f713fa42b33f4 -> 
  custom:video-decoder-webm-vp8: 9c59270c3fd7afecdb556c50c9e8de78 -> 
  custom:audio-decoder-ogg-vorbis: bf7c407c2cedff20999df2af8eb42d56 -> 
  custom:audio-encoder-webm-vorbis: bf7c407c2cedff20999df2af8eb42d56 -> 
========================================================================
Received Prepare
Registering precompiled user dll's ...
Registered in 0.002720 seconds.
Begin MonoManager ReloadAssembly
Native extension for WindowsStandalone target not found
Refreshing native plugins compatible for Editor in 0.50 ms, found 2 plugins.
Preloading 0 native plugins for Editor in 0.00 ms.
Mono: successfully reloaded assembly
- Completed reload, in  0.752 seconds
Platform modules already initialized, skipping
Refreshing native plugins compatible for Editor in 0.45 ms, found 2 plugins.
Preloading 0 native plugins for Editor in 0.00 ms.
Unloading 1389 Unused Serialized files (Serialized files now loaded: 0)
System memory in use before: 69.8 MB.
System memory in use after: 69.9 MB.

Unloading 13 unused Assets to reduce memory usage. Loaded Objects now: 1887.
Total: 2.051700 ms (FindLiveObjects: 0.164500 ms CreateObjectMapping: 0.059700 ms MarkObjects: 1.792300 ms  DeleteObjects: 0.034000 ms)

AssetImportParameters requested are different than current active one (requested -> active):
  custom:framework-win-MediaFoundation: 216162199b28c13a410421893ffa2e32 -> 
  custom:video-decoder-ogg-theora: a1e56fd34408186e4bbccfd4996cb3dc -> 
  custom:container-muxer-webm: aa71ff27fc2769a1b78a27578f13a17b -> 
  custom:container-demuxer-webm: 4f35f7cbe854078d1ac9338744f61a02 -> 
  custom:container-demuxer-ogg: 62fdf1f143b41e24485cea50d1cbac27 -> 
  custom:video-encoder-webm-vp8: eb34c28f22e8b96e1ab97ce403110664 -> 
  custom:video-codec-MediaFoundation-h265: 746d11721c4dcdbdad8f713fa42b33f4 -> 
  custom:video-decoder-webm-vp8: 9c59270c3fd7afecdb556c50c9e8de78 -> 
  custom:audio-decoder-ogg-vorbis: bf7c407c2cedff20999df2af8eb42d56 -> 
  custom:audio-encoder-webm-vorbis: bf7c407c2cedff20999df2af8eb42d56 -> 
AssetImportWorkerClient::OnTransportError - code=2 error=End of file
